
> startup-sniff@0.1.0 build
> next build

   ▲ Next.js 15.5.6
   - Environments: .env.local
   - Experiments (use with caution):
     · optimizePackageImports

   Creating an optimized production build ...
 ⚠ Compiled with warnings in 7.3s

./node_modules/@prisma/instrumentation/node_modules/@opentelemetry/instrumentation/build/esm/platform/node/instrumentation.js
Critical dependency: the request of a dependency is an expression

Import trace for requested module:
./node_modules/@prisma/instrumentation/node_modules/@opentelemetry/instrumentation/build/esm/platform/node/instrumentation.js
./node_modules/@prisma/instrumentation/node_modules/@opentelemetry/instrumentation/build/esm/platform/node/index.js
./node_modules/@prisma/instrumentation/node_modules/@opentelemetry/instrumentation/build/esm/platform/index.js
./node_modules/@prisma/instrumentation/node_modules/@opentelemetry/instrumentation/build/esm/index.js
./node_modules/@prisma/instrumentation/dist/index.js
./node_modules/@sentry/node/build/cjs/integrations/tracing/prisma.js
./node_modules/@sentry/node/build/cjs/index.js
./node_modules/@sentry/nextjs/build/cjs/index.server.js
./sentry.server.config.ts

 ✓ Compiled successfully in 12.0s
   Linting and checking validity of types ...
Failed to compile.

./components/features/billing/pricing-cards.tsx:116:85
Type error: Property 'savings' does not exist on type 'ProrationCalculation | { creditAmount: number; daysRemaining: number; fullYearlyAmount: number; finalAmount: number; message: string; }'.
  Property 'savings' does not exist on type '{ creditAmount: number; daysRemaining: number; fullYearlyAmount: number; finalAmount: number; message: string; }'.

[0m [90m 114 |[39m         subscription_id[33m:[39m result[33m.[39msubscriptionId[33m,[39m
 [90m 115 |[39m         name[33m:[39m [32m'Startup Sniff'[39m[33m,[39m
[31m[1m>[22m[39m[90m 116 |[39m         description[33m:[39m [32m`Upgrade to Pro Yearly - Save ${formatRupees(result.proration?.savings || 0)}`[39m[33m,[39m
 [90m     |[39m                                                                                     [31m[1m^[22m[39m
 [90m 117 |[39m         handler[33m:[39m [36masync[39m [36mfunction[39m (response[33m:[39m {
 [90m 118 |[39m           razorpay_payment_id[33m:[39m string[33m;[39m
 [90m 119 |[39m           razorpay_subscription_id[33m:[39m string[33m;[39m[0m
Next.js build worker exited with code: 1 and signal: null
