{"authError":null,"level":"info","message":"🔒 getCurrentUserUsage called for:","timestamp":"2025-12-11 00:22:18","userEmail":"benji_thomas@live.com","userId":"19c7c6d1-517d-4641-a3ec-d648bcb1fcee"}
{"level":"info","message":"Looking up user in database","timestamp":"2025-12-11 00:22:18","userId":"19c7c6d1-517d-4641-a3ec-d648bcb1fcee"}
{"email":"benji_thomas@live.com","level":"info","message":"✅ User found in database:","planType":"free","timestamp":"2025-12-11 00:22:18","userId":"19c7c6d1-517d-4641-a3ec-d648bcb1fcee"}
{"level":"info","message":"📊 Server-side usage data:","planType":"free","timestamp":"2025-12-11 00:22:18","userEmail":"benji_thomas@live.com","userId":"19c7c6d1-517d-4641-a3ec-d648bcb1fcee"}
{"error":"[object Object]","level":"error","message":"Failed to fetch trial status","stack":"Error: [object Object]\n    at e.error (D:\\Projects\\startup-sniff\\.next\\server\\chunks\\473.js:1:353)\n    at h (D:\\Projects\\startup-sniff\\.next\\server\\chunks\\8252.js:1:13904)\n    at process.processTicksAndRejections (node:internal/process/task_queues:105:5)\n    at async o (D:\\Projects\\startup-sniff\\.next\\server\\chunks\\8252.js:1:47478)","timestamp":"2025-12-11 00:22:18"}
{"level":"info","message":"Final usage data being returned","timestamp":"2025-12-11 00:22:18","usageData":{"content_used":0,"ideas_used":0,"last_reset":"2025-12-01T00:00:00.000Z","validations_used":0}}
{"level":"info","message":"Start of month","startOfMonth":"2025-12-01T00:00:00.000Z","timestamp":"2025-12-11 00:22:18"}
{"level":"info","message":"Validation count details","thisMonth":0,"timestamp":"2025-12-11 00:22:18","totalValidated":0}
{"level":"info","message":"Returning complete usage data with limits","result":{"limits":{"content_per_month":2,"ideas_per_month":3,"validations_per_month":1},"planType":"free","usage":{"content_used":0,"ideas_used":0,"last_reset":"2025-12-01T00:00:00.000Z","validations_used":0}},"timestamp":"2025-12-11 00:22:18"}
{"level":"warn","message":"User not found in database","timestamp":"2025-12-11 11:46:01","userId":"e5e2f60e-9067-4eb3-b6a7-25163ff79493"}
{"level":"warn","message":"Invalid session: User e5e2f60e-9067-4eb3-b6a7-25163ff79493 not found or not verified","timestamp":"2025-12-11 11:46:01"}
{"level":"info","message":"🔒 Server Action protected by Next.js: /auth/signin","timestamp":"2025-12-11 11:46:22"}
{"authError":null,"level":"info","message":"🔒 getCurrentUserUsage called for:","timestamp":"2025-12-11 11:46:23","userEmail":"benji_thomas@live.com","userId":"19c7c6d1-517d-4641-a3ec-d648bcb1fcee"}
{"level":"info","message":"Looking up user in database","timestamp":"2025-12-11 11:46:23","userId":"19c7c6d1-517d-4641-a3ec-d648bcb1fcee"}
{"email":"benji_thomas@live.com","level":"info","message":"✅ User found in database:","planType":"free","timestamp":"2025-12-11 11:46:23","userId":"19c7c6d1-517d-4641-a3ec-d648bcb1fcee"}
{"level":"info","message":"📊 Server-side usage data:","planType":"free","timestamp":"2025-12-11 11:46:23","userEmail":"benji_thomas@live.com","userId":"19c7c6d1-517d-4641-a3ec-d648bcb1fcee"}
{"authError":null,"level":"info","message":"🔒 getCurrentUserUsage called for:","timestamp":"2025-12-11 11:46:23","userEmail":"benji_thomas@live.com","userId":"19c7c6d1-517d-4641-a3ec-d648bcb1fcee"}
{"level":"info","message":"Looking up user in database","timestamp":"2025-12-11 11:46:23","userId":"19c7c6d1-517d-4641-a3ec-d648bcb1fcee"}
{"email":"benji_thomas@live.com","level":"info","message":"✅ User found in database:","planType":"free","timestamp":"2025-12-11 11:46:23","userId":"19c7c6d1-517d-4641-a3ec-d648bcb1fcee"}
{"level":"info","message":"📊 Server-side usage data:","planType":"free","timestamp":"2025-12-11 11:46:23","userEmail":"benji_thomas@live.com","userId":"19c7c6d1-517d-4641-a3ec-d648bcb1fcee"}
{"error":"[object Object]","level":"error","message":"Failed to fetch trial status","stack":"Error: [object Object]\n    at e.error (D:\\Projects\\startup-sniff\\.next\\server\\chunks\\473.js:1:353)\n    at h (D:\\Projects\\startup-sniff\\.next\\server\\chunks\\8252.js:1:13904)\n    at process.processTicksAndRejections (node:internal/process/task_queues:105:5)\n    at async o (D:\\Projects\\startup-sniff\\.next\\server\\chunks\\8252.js:1:47478)","timestamp":"2025-12-11 11:46:24"}
{"error":"[object Object]","level":"error","message":"Failed to fetch trial status","stack":"Error: [object Object]\n    at e.error (D:\\Projects\\startup-sniff\\.next\\server\\chunks\\473.js:1:353)\n    at h (D:\\Projects\\startup-sniff\\.next\\server\\chunks\\8252.js:1:13904)\n    at process.processTicksAndRejections (node:internal/process/task_queues:105:5)\n    at async o (D:\\Projects\\startup-sniff\\.next\\server\\chunks\\8252.js:1:47478)","timestamp":"2025-12-11 11:46:24"}
{"level":"info","message":"Final usage data being returned","timestamp":"2025-12-11 11:46:24","usageData":{"content_used":0,"ideas_used":0,"last_reset":"2025-12-01T00:00:00.000Z","validations_used":0}}
{"level":"info","message":"Start of month","startOfMonth":"2025-12-01T00:00:00.000Z","timestamp":"2025-12-11 11:46:24"}
{"level":"info","message":"Validation count details","thisMonth":0,"timestamp":"2025-12-11 11:46:24","totalValidated":0}
{"level":"info","message":"Returning complete usage data with limits","result":{"limits":{"content_per_month":2,"ideas_per_month":3,"validations_per_month":1},"planType":"free","usage":{"content_used":0,"ideas_used":0,"last_reset":"2025-12-01T00:00:00.000Z","validations_used":0}},"timestamp":"2025-12-11 11:46:24"}
{"level":"info","message":"Final usage data being returned","timestamp":"2025-12-11 11:46:24","usageData":{"content_used":0,"ideas_used":0,"last_reset":"2025-12-01T00:00:00.000Z","validations_used":0}}
{"level":"info","message":"Start of month","startOfMonth":"2025-12-01T00:00:00.000Z","timestamp":"2025-12-11 11:46:24"}
{"level":"info","message":"Validation count details","thisMonth":0,"timestamp":"2025-12-11 11:46:24","totalValidated":0}
{"level":"info","message":"Returning complete usage data with limits","result":{"limits":{"content_per_month":2,"ideas_per_month":3,"validations_per_month":1},"planType":"free","usage":{"content_used":0,"ideas_used":0,"last_reset":"2025-12-01T00:00:00.000Z","validations_used":0}},"timestamp":"2025-12-11 11:46:24"}
